# JRE version: OpenJDK Runtime Environment (8.0_265-b01) (build 1.8.0_265-b01)
# Java VM: OpenJDK 64-Bit Server VM (25.265-b01 mixed mode linux-amd64 compressed oops)
Heap:
 PSYoungGen      total 68608K, used 11343K [0x00000000eab00000, 0x00000000f0600000, 0x0000000100000000)
  eden space 61440K, 18% used [0x00000000eab00000,0x00000000eb613cf8,0x00000000ee700000)
  from space 7168K, 0% used [0x00000000ee700000,0x00000000ee700000,0x00000000eee00000)
  to   space 15872K, 0% used [0x00000000ef680000,0x00000000ef680000,0x00000000f0600000)
 ParOldGen       total 113664K, used 32497K [0x00000000c0000000, 0x00000000c6f00000, 0x00000000eab00000)
  object space 113664K, 28% used [0x00000000c0000000,0x00000000c1fbc470,0x00000000c6f00000)
 Metaspace       used 67990K, capacity 75558K, committed 75904K, reserved 1114112K
  class space    used 8365K, capacity 10467K, committed 10624K, reserved 1048576K
GC Heap History (10 events):
Event: 901.909 GC heap before
{Heap before GC invocations=17 (full 3):
 PSYoungGen      total 75264K, used 75245K [0x00000000eab00000, 0x00000000f0c80000, 0x0000000100000000)
  eden space 65024K, 100% used [0x00000000eab00000,0x00000000eea80000,0x00000000eea80000)
  from space 10240K, 99% used [0x00000000eec00000,0x00000000ef5fb7c8,0x00000000ef600000)
  to   space 17408K, 0% used [0x00000000efb80000,0x00000000efb80000,0x00000000f0c80000)
 ParOldGen       total 113664K, used 35199K [0x00000000c0000000, 0x00000000c6f00000, 0x00000000eab00000)
  object space 113664K, 30% used [0x00000000c0000000,0x00000000c225fc10,0x00000000c6f00000)
 Metaspace       used 67358K, capacity 75122K, committed 75264K, reserved 1114112K
  class space    used 8331K, capacity 10420K, committed 10496K, reserved 1048576K
Event: 901.914 GC heap after
Heap after GC invocations=17 (full 3):
 PSYoungGen      total 78336K, used 8064K [0x00000000eab00000, 0x00000000f0a00000, 0x0000000100000000)
  eden space 63488K, 0% used [0x00000000eab00000,0x00000000eab00000,0x00000000ee900000)
  from space 14848K, 54% used [0x00000000efb80000,0x00000000f03600a8,0x00000000f0a00000)
  to   space 16896K, 0% used [0x00000000ee900000,0x00000000ee900000,0x00000000ef980000)
 ParOldGen       total 113664K, used 35207K [0x00000000c0000000, 0x00000000c6f00000, 0x00000000eab00000)
  object space 113664K, 30% used [0x00000000c0000000,0x00000000c2261c10,0x00000000c6f00000)
 Metaspace       used 67358K, capacity 75122K, committed 75264K, reserved 1114112K
  class space    used 8331K, capacity 10420K, committed 10496K, reserved 1048576K
}
Event: 3311.278 GC heap before
{Heap before GC invocations=18 (full 3):
 PSYoungGen      total 78336K, used 71552K [0x00000000eab00000, 0x00000000f0a00000, 0x0000000100000000)
  eden space 63488K, 100% used [0x00000000eab00000,0x00000000ee900000,0x00000000ee900000)
  from space 14848K, 54% used [0x00000000efb80000,0x00000000f03600a8,0x00000000f0a00000)
  to   space 16896K, 0% used [0x00000000ee900000,0x00000000ee900000,0x00000000ef980000)
 ParOldGen       total 113664K, used 35207K [0x00000000c0000000, 0x00000000c6f00000, 0x00000000eab00000)
  object space 113664K, 30% used [0x00000000c0000000,0x00000000c2261c10,0x00000000c6f00000)
 Metaspace       used 67466K, capacity 75186K, committed 75264K, reserved 1114112K
  class space    used 8332K, capacity 10420K, committed 10496K, reserved 1048576K
Event: 3311.282 GC heap after
Heap after GC invocations=18 (full 3):
 PSYoungGen      total 70144K, used 7200K [0x00000000eab00000, 0x00000000f0800000, 0x0000000100000000)
  eden space 62464K, 0% used [0x00000000eab00000,0x00000000eab00000,0x00000000ee800000)
  from space 7680K, 93% used [0x00000000ee900000,0x00000000ef0080f0,0x00000000ef080000)
  to   space 16384K, 0% used [0x00000000ef800000,0x00000000ef800000,0x00000000f0800000)
 ParOldGen       total 113664K, used 35215K [0x00000000c0000000, 0x00000000c6f00000, 0x00000000eab00000)
  object space 113664K, 30% used [0x00000000c0000000,0x00000000c2263c10,0x00000000c6f00000)
 Metaspace       used 67466K, capacity 75186K, committed 75264K, reserved 1114112K
  class space    used 8332K, capacity 10420K, committed 10496K, reserved 1048576K
}
Event: 3366.162 GC heap before
{Heap before GC invocations=19 (full 3):
 PSYoungGen      total 70144K, used 69664K [0x00000000eab00000, 0x00000000f0800000, 0x0000000100000000)
  eden space 62464K, 100% used [0x00000000eab00000,0x00000000ee800000,0x00000000ee800000)
  from space 7680K, 93% used [0x00000000ee900000,0x00000000ef0080f0,0x00000000ef080000)
  to   space 16384K, 0% used [0x00000000ef800000,0x00000000ef800000,0x00000000f0800000)
 ParOldGen       total 113664K, used 35215K [0x00000000c0000000, 0x00000000c6f00000, 0x00000000eab00000)
  object space 113664K, 30% used [0x00000000c0000000,0x00000000c2263c10,0x00000000c6f00000)
 Metaspace       used 67922K, capacity 75568K, committed 75776K, reserved 1114112K
  class space    used 8380K, capacity 10496K, committed 10496K, reserved 1048576K
Event: 3366.168 GC heap after
Heap after GC invocations=19 (full 3):
 PSYoungGen      total 76800K, used 7056K [0x00000000eab00000, 0x00000000f0700000, 0x0000000100000000)
  eden space 61440K, 0% used [0x00000000eab00000,0x00000000eab00000,0x00000000ee700000)
  from space 15360K, 45% used [0x00000000ef800000,0x00000000efee40c0,0x00000000f0700000)
  to   space 16384K, 0% used [0x00000000ee700000,0x00000000ee700000,0x00000000ef700000)
 ParOldGen       total 113664K, used 35287K [0x00000000c0000000, 0x00000000c6f00000, 0x00000000eab00000)
  object space 113664K, 31% used [0x00000000c0000000,0x00000000c2275c20,0x00000000c6f00000)
 Metaspace       used 67922K, capacity 75568K, committed 75776K, reserved 1114112K
  class space    used 8380K, capacity 10496K, committed 10496K, reserved 1048576K
}
Event: 3615.028 GC heap before
{Heap before GC invocations=20 (full 3):
 PSYoungGen      total 76800K, used 62706K [0x00000000eab00000, 0x00000000f0700000, 0x0000000100000000)
  eden space 61440K, 90% used [0x00000000eab00000,0x00000000ee158a18,0x00000000ee700000)
  from space 15360K, 45% used [0x00000000ef800000,0x00000000efee40c0,0x00000000f0700000)
  to   space 16384K, 0% used [0x00000000ee700000,0x00000000ee700000,0x00000000ef700000)
 ParOldGen       total 113664K, used 35287K [0x00000000c0000000, 0x00000000c6f00000, 0x00000000eab00000)
  object space 113664K, 31% used [0x00000000c0000000,0x00000000c2275c20,0x00000000c6f00000)
 Metaspace       used 68078K, capacity 75706K, committed 75904K, reserved 1114112K
  class space    used 8381K, capacity 10497K, committed 10624K, reserved 1048576K
Event: 3615.035 GC heap after
Heap after GC invocations=20 (full 3):
 PSYoungGen      total 68608K, used 7152K [0x00000000eab00000, 0x00000000f0600000, 0x0000000100000000)
  eden space 61440K, 0% used [0x00000000eab00000,0x00000000eab00000,0x00000000ee700000)
  from space 7168K, 99% used [0x00000000ee700000,0x00000000eedfc0c0,0x00000000eee00000)
  to   space 15872K, 0% used [0x00000000ef680000,0x00000000ef680000,0x00000000f0600000)
 ParOldGen       total 113664K, used 35295K [0x00000000c0000000, 0x00000000c6f00000, 0x00000000eab00000)
  object space 113664K, 31% used [0x00000000c0000000,0x00000000c2277c20,0x00000000c6f00000)
 Metaspace       used 68078K, capacity 75706K, committed 75904K, reserved 1114112K
  class space    used 8381K, capacity 10497K, committed 10624K, reserved 1048576K
}
Event: 3615.035 GC heap before
{Heap before GC invocations=21 (full 4):
 PSYoungGen      total 68608K, used 7152K [0x00000000eab00000, 0x00000000f0600000, 0x0000000100000000)
  eden space 61440K, 0% used [0x00000000eab00000,0x00000000eab00000,0x00000000ee700000)
  from space 7168K, 99% used [0x00000000ee700000,0x00000000eedfc0c0,0x00000000eee00000)
  to   space 15872K, 0% used [0x00000000ef680000,0x00000000ef680000,0x00000000f0600000)
 ParOldGen       total 113664K, used 35295K [0x00000000c0000000, 0x00000000c6f00000, 0x00000000eab00000)
  object space 113664K, 31% used [0x00000000c0000000,0x00000000c2277c20,0x00000000c6f00000)
 Metaspace       used 68078K, capacity 75706K, committed 75904K, reserved 1114112K
  class space    used 8381K, capacity 10497K, committed 10624K, reserved 1048576K
Event: 3615.152 GC heap after
Heap after GC invocations=21 (full 4):
 PSYoungGen      total 68608K, used 0K [0x00000000eab00000, 0x00000000f0600000, 0x0000000100000000)
  eden space 61440K, 0% used [0x00000000eab00000,0x00000000eab00000,0x00000000ee700000)
  from space 7168K, 0% used [0x00000000ee700000,0x00000000ee700000,0x00000000eee00000)
  to   space 15872K, 0% used [0x00000000ef680000,0x00000000ef680000,0x00000000f0600000)
 ParOldGen       total 113664K, used 32497K [0x00000000c0000000, 0x00000000c6f00000, 0x00000000eab00000)
  object space 113664K, 28% used [0x00000000c0000000,0x00000000c1fbc470,0x00000000c6f00000)
 Metaspace       used 67986K, capacity 75558K, committed 75904K, reserved 1114112K
  class space    used 8365K, capacity 10467K, committed 10624K, reserved 1048576K
}

